<?xml version="1.0" encoding="UTF-8"?>
<robot generated="20200930 12:46:00.505" generator="Robot 3.0.4 (Python 2.7.14 on win32)">
<suite source="C:\Users\mahesh.reddy\git\Robot_LAR\LRA\Test\OrangeRegressionSuite.robot" id="s1" name="OrangeRegressionSuite">
<test id="s1-t1" name="Test_01:Login as admin the title">
<kw type="setup" name="Begin Web Test" library="BaseSetup">
<kw name="Set Variable" library="BuiltIn">
<doc>Returns the given values which can then be assigned to a variables.</doc>
<arguments>
<arg>${DOWNLOAD_DIRECTORY}</arg>
</arguments>
<assign>
<var>${path}</var>
</assign>
<msg timestamp="20200930 12:46:02.267" level="INFO">${path} = C:\Users\mahesh.reddy\git\Robot_LAR\LRA\Test\DownloadedFiles</msg>
<status status="PASS" endtime="20200930 12:46:02.267" starttime="20200930 12:46:02.266"></status>
</kw>
<kw name="Evaluate" library="BuiltIn">
<doc>Evaluates the given expression in Python and returns the results.</doc>
<arguments>
<arg>sys.modules['selenium.webdriver'].ChromeOptions()</arg>
<arg>sys, selenium.webdriver</arg>
</arguments>
<assign>
<var>${CHROME_OPTIONS}</var>
</assign>
<msg timestamp="20200930 12:46:02.268" level="INFO">${CHROME_OPTIONS} = &lt;selenium.webdriver.chrome.options.Options object at 0x0485A870&gt;</msg>
<status status="PASS" endtime="20200930 12:46:02.268" starttime="20200930 12:46:02.268"></status>
</kw>
<kw name="Create Dictionary" library="BuiltIn">
<doc>Creates and returns a dictionary based on the given ``items``.</doc>
<arguments>
<arg>download.default_directory=${path}</arg>
<arg>download.prompt_for_download=${False}</arg>
<arg>safebrowsing.enabled=${True}</arg>
</arguments>
<assign>
<var>${prefs}</var>
</assign>
<msg timestamp="20200930 12:46:02.270" level="INFO">${prefs} = {u'download.default_directory': u'C:\\Users\\mahesh.reddy\\git\\Robot_LAR\\LRA\\Test\\DownloadedFiles', u'download.prompt_for_download': False, u'safebrowsing.enabled': True}</msg>
<status status="PASS" endtime="20200930 12:46:02.270" starttime="20200930 12:46:02.269"></status>
</kw>
<kw name="Call Method" library="BuiltIn">
<doc>Calls the named method of the given object with the provided arguments.</doc>
<arguments>
<arg>${CHROME_OPTIONS}</arg>
<arg>add_experimental_option</arg>
<arg>prefs</arg>
<arg>${prefs}</arg>
</arguments>
<status status="PASS" endtime="20200930 12:46:02.271" starttime="20200930 12:46:02.270"></status>
</kw>
<kw name="Create Webdriver" library="ExtendedSelenium2Library">
<doc>Creates an instance of a WebDriver.</doc>
<arguments>
<arg>Chrome</arg>
<arg>chrome_options=${CHROME_OPTIONS}</arg>
</arguments>
<msg timestamp="20200930 12:46:02.273" level="INFO">Creating an instance of the Chrome WebDriver</msg>
<status status="PASS" endtime="20200930 12:46:08.322" starttime="20200930 12:46:02.272"></status>
</kw>
<kw name="Maximize Browser Window" library="ExtendedSelenium2Library">
<doc>Maximizes current browser window.</doc>
<status status="PASS" endtime="20200930 12:46:12.516" starttime="20200930 12:46:08.323"></status>
</kw>
<kw name="Go To" library="ExtendedSelenium2Library">
<doc>Navigates the active browser instance to the provided URL.</doc>
<arguments>
<arg>${URL.${ENV}}</arg>
</arguments>
<msg timestamp="20200930 12:46:12.517" level="INFO">Opening url 'https://loanauth-qa.loanhd.com/Login.aspx'</msg>
<status status="PASS" endtime="20200930 12:46:16.790" starttime="20200930 12:46:12.517"></status>
</kw>
<status status="PASS" endtime="20200930 12:46:16.790" starttime="20200930 12:46:02.266"></status>
</kw>
<kw name="Naviagte to OrangeHRM" library="OrangeLoginPage">
<doc>Enter the OrangeHRM URL</doc>
<kw name="Go To" library="ExtendedSelenium2Library">
<doc>Navigates the active browser instance to the provided URL.</doc>
<arguments>
<arg>${Env_Url.${TestURL}}</arg>
</arguments>
<msg timestamp="20200930 12:46:16.793" level="INFO">Opening url 'https://opensource-demo.orangehrmlive.com/'</msg>
<status status="PASS" endtime="20200930 12:46:22.842" starttime="20200930 12:46:16.793"></status>
</kw>
<kw name="Wait Until Element Is Visible" library="ExtendedSelenium2Library">
<doc>Waits until element specified with `locator` is visible.</doc>
<arguments>
<arg>${btn_OrangePage_Password}</arg>
</arguments>
<status status="PASS" endtime="20200930 12:46:22.877" starttime="20200930 12:46:22.842"></status>
</kw>
<kw name="Sleep" library="BuiltIn">
<doc>Pauses the test executed for the given time.</doc>
<arguments>
<arg>5s</arg>
</arguments>
<msg timestamp="20200930 12:46:27.878" level="INFO">Slept 5 seconds</msg>
<status status="PASS" endtime="20200930 12:46:27.879" starttime="20200930 12:46:22.878"></status>
</kw>
<kw name="Log" library="BuiltIn">
<doc>Logs the given message with the given level.</doc>
<arguments>
<arg>User naviagte to ${TestURL}[environment]</arg>
</arguments>
<msg timestamp="20200930 12:46:27.884" level="INFO">User naviagte to OrangeHR[environment]</msg>
<status status="PASS" endtime="20200930 12:46:27.885" starttime="20200930 12:46:27.881"></status>
</kw>
<kw name="Log" library="BuiltIn">
<doc>Logs the given message with the given level.</doc>
<arguments>
<arg>${OADMIN_USERNAME}</arg>
</arguments>
<msg timestamp="20200930 12:46:27.887" level="INFO">Admin</msg>
<status status="PASS" endtime="20200930 12:46:27.887" starttime="20200930 12:46:27.886"></status>
</kw>
<status status="PASS" endtime="20200930 12:46:27.888" starttime="20200930 12:46:16.791"></status>
</kw>
<kw name="Login as Admin" library="OrangeLoginPage">
<doc>Login as admin into OrangeHRM portal</doc>
<kw name="Input Text" library="ExtendedSelenium2Library">
<doc>Types the given `text` into text field identified by `locator`.</doc>
<arguments>
<arg>${Id_OrangePage_Username}</arg>
<arg>${OADMIN_USERNAME}</arg>
</arguments>
<msg timestamp="20200930 12:46:27.893" level="INFO">Typing text 'Admin' into text field 'id=txtUsername'</msg>
<status status="PASS" endtime="20200930 12:46:28.096" starttime="20200930 12:46:27.893"></status>
</kw>
<kw name="Input Password" library="ExtendedSelenium2Library">
<doc>Types the given password into text field identified by `locator`.</doc>
<arguments>
<arg>${Id_OrangePage_Password}</arg>
<arg>admin123</arg>
</arguments>
<msg timestamp="20200930 12:46:28.097" level="INFO">Typing password into text field 'id=txtPassword'</msg>
<status status="PASS" endtime="20200930 12:46:28.182" starttime="20200930 12:46:28.096"></status>
</kw>
<kw name="Click Button" library="ExtendedSelenium2Library">
<doc>Clicks a button identified by ``locator``.</doc>
<arguments>
<arg>${btn_OrangePage_Password}</arg>
</arguments>
<msg timestamp="20200930 12:46:28.183" level="INFO">Clicking button 'id=btnLogin'.</msg>
<status status="PASS" endtime="20200930 12:46:35.327" starttime="20200930 12:46:28.182"></status>
</kw>
<status status="PASS" endtime="20200930 12:46:35.328" starttime="20200930 12:46:27.889"></status>
</kw>
<kw name="Verify Quick Launch in the Dashboard page" library="DashBoardPage">
<doc>Verify whether user able to view Quick Launch in the Dashboard page</doc>
<kw name="Wait Until Element Contains" library="ExtendedSelenium2Library">
<doc>Waits until given element contains `text`.</doc>
<arguments>
<arg>${txt_Dashboard_QuickLaunch}</arg>
<arg>Quick Launch</arg>
</arguments>
<status status="PASS" endtime="20200930 12:46:35.425" starttime="20200930 12:46:35.331"></status>
</kw>
<kw name="Get Text" library="ExtendedSelenium2Library">
<doc>Returns the text value of element identified by `locator`.</doc>
<arguments>
<arg>${txt_Dashboard_QuickLaunch}</arg>
</arguments>
<assign>
<var>${QuickLaunch}</var>
</assign>
<msg timestamp="20200930 12:46:35.476" level="INFO">${QuickLaunch} = Quick Launch</msg>
<status status="PASS" endtime="20200930 12:46:35.476" starttime="20200930 12:46:35.426"></status>
</kw>
<kw name="Should Be Equal As Strings" library="BuiltIn">
<doc>Fails if objects are unequal after converting them to strings.</doc>
<arguments>
<arg>${QuickLaunch}</arg>
<arg>Quick Launch</arg>
</arguments>
<status status="PASS" endtime="20200930 12:46:35.478" starttime="20200930 12:46:35.477"></status>
</kw>
<kw name="Log" library="BuiltIn">
<doc>Logs the given message with the given level.</doc>
<arguments>
<arg>able to view text as ${QuickLaunch}</arg>
</arguments>
<msg timestamp="20200930 12:46:35.482" level="INFO">able to view text as Quick Launch</msg>
<status status="PASS" endtime="20200930 12:46:35.483" starttime="20200930 12:46:35.481"></status>
</kw>
<status status="PASS" endtime="20200930 12:46:35.483" starttime="20200930 12:46:35.329"></status>
</kw>
<kw type="teardown" name="End Web Test" library="BaseSetup">
<kw name="Close Browser" library="ExtendedSelenium2Library">
<doc>Closes the current browser.</doc>
<status status="PASS" endtime="20200930 12:46:37.810" starttime="20200930 12:46:35.486"></status>
</kw>
<status status="PASS" endtime="20200930 12:46:37.810" starttime="20200930 12:46:35.485"></status>
</kw>
<errors>
<msg timestamp="20200930 12:46:01.215" level="ERROR">Error in file 'C:\Users\mahesh.reddy\git\Robot_LAR\LRA\Resources\AppUI\NewPages\AllTestPages.robot': Importing test library 'Excel' failed: ImportError: No module named Excel
Traceback (most recent call last):
  None
PYTHONPATH:
  C:\WINDOWS\SYSTEM32\python27.zip
  c:\python27\DLLs
  c:\python27\lib
  c:\python27\lib\plat-win
  c:\python27\lib\lib-tk
  c:\python27
  c:\python27\lib\site-packages</msg>
</errors>
</robot>
